<?xml version="1.0" encoding="UTF-8"?>
<!-- Generated by org.testng.reporters.JUnitReportReporter -->
<testsuite hostname="DESKTOP-VBIJIMM" failures="0" tests="1" name="com.itlearn.testcases.SearchTestCase" time="14.312" errors="0" timestamp="2024-12-05T13:47:13 PKT" skipped="0">
  <testcase classname="com.itlearn.testcases.SearchTestCase" name="searchCourseTesr" time="14.312"/>
</testsuite> <!-- com.itlearn.testcases.SearchTestCase -->
